<?xml version="1.0" encoding="UTF-8"?>
<testng-results total="1" passed="1" failed="0" skipped="0">
  <reporter-output>
  </reporter-output>
  <suite started-at="2018-05-12T06:54:34Z" name="Default suite" finished-at="2018-05-12T06:55:05Z" duration-ms="31185">
    <groups>
    </groups>
    <test started-at="2018-05-12T06:54:34Z" name="Default test" finished-at="2018-05-12T06:55:05Z" duration-ms="31185">
      <class name="com.jenkins.demo.FacebookTest">
        <test-method signature="facebookLogin()[pri:0, instance:com.jenkins.demo.FacebookTest@6913c1fb]" started-at="2018-05-11T23:54:34Z" name="facebookLogin" finished-at="2018-05-11T23:55:05Z" duration-ms="31184" status="PASS">
          <reporter-output>
          </reporter-output>
        </test-method> <!-- facebookLogin -->
      </class> <!-- com.jenkins.demo.FacebookTest -->
    </test> <!-- Default test -->
  </suite> <!-- Default suite -->
</testng-results>
